<?xml version="1.0" encoding="UTF-8"?>
<!-- Generated by org.testng.reporters.JUnitReportReporter -->
<testsuite hostname="Lenovo" failures="0" tests="4" name="TestNG_DataProvider.DataProvideWithExcel" time="17.731" errors="0" timestamp="2024-01-20T10:58:45 IST" skipped="0">
  <testcase classname="TestNG_DataProvider.DataProvideWithExcel" name="searchKeyword" time="4.406"/>
  <testcase classname="TestNG_DataProvider.DataProvideWithExcel" name="searchKeyword" time="4.356"/>
  <testcase classname="TestNG_DataProvider.DataProvideWithExcel" name="searchKeyword" time="4.647"/>
  <testcase classname="TestNG_DataProvider.DataProvideWithExcel" name="searchKeyword" time="4.322"/>
</testsuite> <!-- TestNG_DataProvider.DataProvideWithExcel -->
